2021-11-09 09:01:43 DEBUG select product0_.id as id1_0_, product0_.datePublished as datepubl2_0_, product0_.description as descript3_0_, product0_.name as name4_0_, product0_.price as price5_0_, product0_.user_id as user_id6_0_ from Product product0_
2021-11-09 09:01:43 DEBUG select user0_.id as id1_1_0_, user0_.name as name2_1_0_ from User user0_ where user0_.id=?
2021-11-09 09:01:43 DEBUG select product0_.id as id1_0_, product0_.datePublished as datepubl2_0_, product0_.description as descript3_0_, product0_.name as name4_0_, product0_.price as price5_0_, product0_.user_id as user_id6_0_ from Product product0_
2021-11-09 09:03:42 DEBUG select user0_.id as id1_1_, user0_.name as name2_1_ from User user0_ where user0_.name=?
2021-11-09 09:03:42 DEBUG insert into Product (datePublished, description, name, price, user_id) values (?, ?, ?, ?, ?)
2021-11-09 09:03:46 DEBUG select product0_.id as id1_0_, product0_.datePublished as datepubl2_0_, product0_.description as descript3_0_, product0_.name as name4_0_, product0_.price as price5_0_, product0_.user_id as user_id6_0_ from Product product0_
2021-11-09 09:03:46 DEBUG select product0_.id as id1_0_, product0_.datePublished as datepubl2_0_, product0_.description as descript3_0_, product0_.name as name4_0_, product0_.price as price5_0_, product0_.user_id as user_id6_0_ from Product product0_
2021-11-09 09:04:11 DEBUG select product0_.id as id1_0_0_, product0_.datePublished as datepubl2_0_0_, product0_.description as descript3_0_0_, product0_.name as name4_0_0_, product0_.price as price5_0_0_, product0_.user_id as user_id6_0_0_, user1_.id as id1_1_1_, user1_.name as name2_1_1_ from Product product0_ left outer join User user1_ on product0_.user_id=user1_.id where product0_.id=?
2021-11-09 09:04:18 DEBUG select user0_.id as id1_1_0_, user0_.name as name2_1_0_ from User user0_ where user0_.id=?
2021-11-09 09:04:18 DEBUG update Product set datePublished=?, description=?, name=?, price=?, user_id=? where id=?
2021-11-09 09:04:59 DEBUG delete from Product where id=?
2021-11-09 09:05:01 DEBUG select product0_.id as id1_0_, product0_.datePublished as datepubl2_0_, product0_.description as descript3_0_, product0_.name as name4_0_, product0_.price as price5_0_, product0_.user_id as user_id6_0_ from Product product0_
2021-11-09 09:05:01 DEBUG select product0_.id as id1_0_, product0_.datePublished as datepubl2_0_, product0_.description as descript3_0_, product0_.name as name4_0_, product0_.price as price5_0_, product0_.user_id as user_id6_0_ from Product product0_
2021-11-09 09:13:01 DEBUG select user0_.id as id1_1_, user0_.name as name2_1_ from User user0_ where user0_.name=?
2021-11-09 09:13:01 DEBUG insert into Product (datePublished, description, name, price, user_id) values (?, ?, ?, ?, ?)
2021-11-09 09:13:03 DEBUG select product0_.id as id1_0_, product0_.datePublished as datepubl2_0_, product0_.description as descript3_0_, product0_.name as name4_0_, product0_.price as price5_0_, product0_.user_id as user_id6_0_ from Product product0_
2021-11-09 09:13:03 DEBUG select product0_.id as id1_0_, product0_.datePublished as datepubl2_0_, product0_.description as descript3_0_, product0_.name as name4_0_, product0_.price as price5_0_, product0_.user_id as user_id6_0_ from Product product0_
2021-11-09 09:13:08 DEBUG select product0_.id as id1_0_0_, product0_.datePublished as datepubl2_0_0_, product0_.description as descript3_0_0_, product0_.name as name4_0_0_, product0_.price as price5_0_0_, product0_.user_id as user_id6_0_0_, user1_.id as id1_1_1_, user1_.name as name2_1_1_ from Product product0_ left outer join User user1_ on product0_.user_id=user1_.id where product0_.id=?
2021-11-09 09:13:22 DEBUG update Product set datePublished=?, description=?, name=?, price=?, user_id=? where id=?
2021-11-09 09:13:24 DEBUG select product0_.id as id1_0_, product0_.datePublished as datepubl2_0_, product0_.description as descript3_0_, product0_.name as name4_0_, product0_.price as price5_0_, product0_.user_id as user_id6_0_ from Product product0_
2021-11-09 09:13:24 DEBUG select product0_.id as id1_0_, product0_.datePublished as datepubl2_0_, product0_.description as descript3_0_, product0_.name as name4_0_, product0_.price as price5_0_, product0_.user_id as user_id6_0_ from Product product0_
2021-11-09 09:17:06 DEBUG select product0_.id as id1_0_, product0_.datePublished as datepubl2_0_, product0_.description as descript3_0_, product0_.name as name4_0_, product0_.price as price5_0_, product0_.user_id as user_id6_0_ from Product product0_
2021-11-09 09:17:07 DEBUG select user0_.id as id1_1_0_, user0_.name as name2_1_0_ from User user0_ where user0_.id=?
2021-11-09 09:17:07 DEBUG select product0_.id as id1_0_, product0_.datePublished as datepubl2_0_, product0_.description as descript3_0_, product0_.name as name4_0_, product0_.price as price5_0_, product0_.user_id as user_id6_0_ from Product product0_
2021-11-09 09:31:39 DEBUG select product0_.id as id1_0_0_, product0_.datePublished as datepubl2_0_0_, product0_.description as descript3_0_0_, product0_.name as name4_0_0_, product0_.price as price5_0_0_, product0_.user_id as user_id6_0_0_, user1_.id as id1_1_1_, user1_.name as name2_1_1_ from Product product0_ left outer join User user1_ on product0_.user_id=user1_.id where product0_.id=?
2021-11-09 09:31:44 DEBUG select product0_.id as id1_0_0_, product0_.datePublished as datepubl2_0_0_, product0_.description as descript3_0_0_, product0_.name as name4_0_0_, product0_.price as price5_0_0_, product0_.user_id as user_id6_0_0_ from Product product0_ where product0_.id=?
2021-11-09 09:31:44 DEBUG select user0_.id as id1_1_0_, user0_.name as name2_1_0_ from User user0_ where user0_.id=?
2021-11-09 09:31:44 DEBUG update Product set datePublished=?, description=?, name=?, price=?, user_id=? where id=?
2021-11-09 09:31:46 DEBUG select product0_.id as id1_0_, product0_.datePublished as datepubl2_0_, product0_.description as descript3_0_, product0_.name as name4_0_, product0_.price as price5_0_, product0_.user_id as user_id6_0_ from Product product0_
2021-11-09 09:31:46 DEBUG select product0_.id as id1_0_, product0_.datePublished as datepubl2_0_, product0_.description as descript3_0_, product0_.name as name4_0_, product0_.price as price5_0_, product0_.user_id as user_id6_0_ from Product product0_
2021-11-09 11:34:40 DEBUG select product0_.id as id1_0_0_, product0_.datePublished as datepubl2_0_0_, product0_.description as descript3_0_0_, product0_.name as name4_0_0_, product0_.price as price5_0_0_, product0_.user_id as user_id6_0_0_, user1_.id as id1_1_1_, user1_.name as name2_1_1_ from Product product0_ left outer join User user1_ on product0_.user_id=user1_.id where product0_.id=?
2021-11-09 11:34:42 DEBUG select product0_.id as id1_0_, product0_.datePublished as datepubl2_0_, product0_.description as descript3_0_, product0_.name as name4_0_, product0_.price as price5_0_, product0_.user_id as user_id6_0_ from Product product0_
2021-11-09 11:34:42 DEBUG select user0_.id as id1_1_0_, user0_.name as name2_1_0_ from User user0_ where user0_.id=?
2021-11-09 11:34:42 DEBUG select product0_.id as id1_0_, product0_.datePublished as datepubl2_0_, product0_.description as descript3_0_, product0_.name as name4_0_, product0_.price as price5_0_, product0_.user_id as user_id6_0_ from Product product0_
2021-11-09 11:34:48 DEBUG select product0_.id as id1_0_0_, product0_.datePublished as datepubl2_0_0_, product0_.description as descript3_0_0_, product0_.name as name4_0_0_, product0_.price as price5_0_0_, product0_.user_id as user_id6_0_0_, user1_.id as id1_1_1_, user1_.name as name2_1_1_ from Product product0_ left outer join User user1_ on product0_.user_id=user1_.id where product0_.id=?
2021-11-09 11:34:52 DEBUG select product0_.id as id1_0_0_, product0_.datePublished as datepubl2_0_0_, product0_.description as descript3_0_0_, product0_.name as name4_0_0_, product0_.price as price5_0_0_, product0_.user_id as user_id6_0_0_ from Product product0_ where product0_.id=?
2021-11-09 11:34:52 DEBUG select user0_.id as id1_1_0_, user0_.name as name2_1_0_ from User user0_ where user0_.id=?
2021-11-09 11:34:52 DEBUG update Product set datePublished=?, description=?, name=?, price=?, user_id=? where id=?
2021-11-09 11:34:53 DEBUG select product0_.id as id1_0_, product0_.datePublished as datepubl2_0_, product0_.description as descript3_0_, product0_.name as name4_0_, product0_.price as price5_0_, product0_.user_id as user_id6_0_ from Product product0_
2021-11-09 11:34:53 DEBUG select product0_.id as id1_0_, product0_.datePublished as datepubl2_0_, product0_.description as descript3_0_, product0_.name as name4_0_, product0_.price as price5_0_, product0_.user_id as user_id6_0_ from Product product0_
2021-11-09 11:38:43 DEBUG select product0_.id as id1_0_, product0_.datePublished as datepubl2_0_, product0_.description as descript3_0_, product0_.name as name4_0_, product0_.price as price5_0_, product0_.user_id as user_id6_0_ from Product product0_
2021-11-09 11:38:43 DEBUG select user0_.id as id1_1_0_, user0_.name as name2_1_0_ from User user0_ where user0_.id=?
2021-11-09 11:38:43 DEBUG select product0_.id as id1_0_, product0_.datePublished as datepubl2_0_, product0_.description as descript3_0_, product0_.name as name4_0_, product0_.price as price5_0_, product0_.user_id as user_id6_0_ from Product product0_
2021-11-09 11:38:46 DEBUG select product0_.id as id1_0_0_, product0_.datePublished as datepubl2_0_0_, product0_.description as descript3_0_0_, product0_.name as name4_0_0_, product0_.price as price5_0_0_, product0_.user_id as user_id6_0_0_, user1_.id as id1_1_1_, user1_.name as name2_1_1_ from Product product0_ left outer join User user1_ on product0_.user_id=user1_.id where product0_.id=?
2021-11-09 11:44:35 DEBUG select product0_.id as id1_0_0_, product0_.datePublished as datepubl2_0_0_, product0_.description as descript3_0_0_, product0_.name as name4_0_0_, product0_.price as price5_0_0_, product0_.user_id as user_id6_0_0_, user1_.id as id1_1_1_, user1_.name as name2_1_1_ from Product product0_ left outer join User user1_ on product0_.user_id=user1_.id where product0_.id=?
2021-11-09 11:45:55 DEBUG select product0_.id as id1_0_, product0_.datePublished as datepubl2_0_, product0_.description as descript3_0_, product0_.name as name4_0_, product0_.price as price5_0_, product0_.user_id as user_id6_0_ from Product product0_
2021-11-09 11:45:55 DEBUG select user0_.id as id1_1_0_, user0_.name as name2_1_0_ from User user0_ where user0_.id=?
2021-11-09 11:45:55 DEBUG select product0_.id as id1_0_, product0_.datePublished as datepubl2_0_, product0_.description as descript3_0_, product0_.name as name4_0_, product0_.price as price5_0_, product0_.user_id as user_id6_0_ from Product product0_
2021-11-09 11:46:05 DEBUG select product0_.id as id1_0_0_, product0_.datePublished as datepubl2_0_0_, product0_.description as descript3_0_0_, product0_.name as name4_0_0_, product0_.price as price5_0_0_, product0_.user_id as user_id6_0_0_, user1_.id as id1_1_1_, user1_.name as name2_1_1_ from Product product0_ left outer join User user1_ on product0_.user_id=user1_.id where product0_.id=?
2021-11-09 11:50:07 DEBUG select product0_.id as id1_0_0_, product0_.datePublished as datepubl2_0_0_, product0_.description as descript3_0_0_, product0_.name as name4_0_0_, product0_.price as price5_0_0_, product0_.user_id as user_id6_0_0_, user1_.id as id1_1_1_, user1_.name as name2_1_1_ from Product product0_ left outer join User user1_ on product0_.user_id=user1_.id where product0_.id=?
2021-11-09 11:51:56 DEBUG select product0_.id as id1_0_, product0_.datePublished as datepubl2_0_, product0_.description as descript3_0_, product0_.name as name4_0_, product0_.price as price5_0_, product0_.user_id as user_id6_0_ from Product product0_
2021-11-09 11:51:56 DEBUG select user0_.id as id1_1_0_, user0_.name as name2_1_0_ from User user0_ where user0_.id=?
2021-11-09 11:51:56 DEBUG select product0_.id as id1_0_, product0_.datePublished as datepubl2_0_, product0_.description as descript3_0_, product0_.name as name4_0_, product0_.price as price5_0_, product0_.user_id as user_id6_0_ from Product product0_
2021-11-09 11:51:59 DEBUG select product0_.id as id1_0_0_, product0_.datePublished as datepubl2_0_0_, product0_.description as descript3_0_0_, product0_.name as name4_0_0_, product0_.price as price5_0_0_, product0_.user_id as user_id6_0_0_, user1_.id as id1_1_1_, user1_.name as name2_1_1_ from Product product0_ left outer join User user1_ on product0_.user_id=user1_.id where product0_.id=?
2021-11-09 11:52:04 DEBUG select product0_.id as id1_0_0_, product0_.datePublished as datepubl2_0_0_, product0_.description as descript3_0_0_, product0_.name as name4_0_0_, product0_.price as price5_0_0_, product0_.user_id as user_id6_0_0_, user1_.id as id1_1_1_, user1_.name as name2_1_1_ from Product product0_ left outer join User user1_ on product0_.user_id=user1_.id where product0_.id=?
2021-11-09 11:52:06 DEBUG select product0_.id as id1_0_, product0_.datePublished as datepubl2_0_, product0_.description as descript3_0_, product0_.name as name4_0_, product0_.price as price5_0_, product0_.user_id as user_id6_0_ from Product product0_
2021-11-09 11:52:06 DEBUG select product0_.id as id1_0_, product0_.datePublished as datepubl2_0_, product0_.description as descript3_0_, product0_.name as name4_0_, product0_.price as price5_0_, product0_.user_id as user_id6_0_ from Product product0_
2021-11-09 11:55:06 DEBUG select product0_.id as id1_0_0_, product0_.datePublished as datepubl2_0_0_, product0_.description as descript3_0_0_, product0_.name as name4_0_0_, product0_.price as price5_0_0_, product0_.user_id as user_id6_0_0_, user1_.id as id1_1_1_, user1_.name as name2_1_1_ from Product product0_ left outer join User user1_ on product0_.user_id=user1_.id where product0_.id=?
2021-11-09 11:55:09 DEBUG update Product set datePublished=?, description=?, name=?, price=?, user_id=? where id=?
2021-11-09 11:55:10 DEBUG select product0_.id as id1_0_, product0_.datePublished as datepubl2_0_, product0_.description as descript3_0_, product0_.name as name4_0_, product0_.price as price5_0_, product0_.user_id as user_id6_0_ from Product product0_
2021-11-09 11:55:10 DEBUG select user0_.id as id1_1_0_, user0_.name as name2_1_0_ from User user0_ where user0_.id=?
2021-11-09 11:55:10 DEBUG select product0_.id as id1_0_, product0_.datePublished as datepubl2_0_, product0_.description as descript3_0_, product0_.name as name4_0_, product0_.price as price5_0_, product0_.user_id as user_id6_0_ from Product product0_
2021-11-09 11:55:23 DEBUG update Product set datePublished=?, description=?, name=?, price=?, user_id=? where id=?
2021-11-09 11:55:24 DEBUG select product0_.id as id1_0_, product0_.datePublished as datepubl2_0_, product0_.description as descript3_0_, product0_.name as name4_0_, product0_.price as price5_0_, product0_.user_id as user_id6_0_ from Product product0_
2021-11-09 11:55:24 DEBUG select product0_.id as id1_0_, product0_.datePublished as datepubl2_0_, product0_.description as descript3_0_, product0_.name as name4_0_, product0_.price as price5_0_, product0_.user_id as user_id6_0_ from Product product0_
2021-11-09 12:03:54 DEBUG select product0_.id as id1_0_0_, product0_.datePublished as datepubl2_0_0_, product0_.description as descript3_0_0_, product0_.name as name4_0_0_, product0_.price as price5_0_0_, product0_.user_id as user_id6_0_0_, user1_.id as id1_1_1_, user1_.name as name2_1_1_ from Product product0_ left outer join User user1_ on product0_.user_id=user1_.id where product0_.id=?
2021-11-09 12:06:16 DEBUG select product0_.id as id1_0_0_, product0_.datePublished as datepubl2_0_0_, product0_.description as descript3_0_0_, product0_.name as name4_0_0_, product0_.price as price5_0_0_, product0_.user_id as user_id6_0_0_, user1_.id as id1_1_1_, user1_.name as name2_1_1_ from Product product0_ left outer join User user1_ on product0_.user_id=user1_.id where product0_.id=?
2021-11-09 12:06:16 DEBUG select product0_.id as id1_0_0_, product0_.datePublished as datepubl2_0_0_, product0_.description as descript3_0_0_, product0_.name as name4_0_0_, product0_.price as price5_0_0_, product0_.user_id as user_id6_0_0_, user1_.id as id1_1_1_, user1_.name as name2_1_1_ from Product product0_ left outer join User user1_ on product0_.user_id=user1_.id where product0_.id=?
2021-11-09 12:06:22 DEBUG select product0_.id as id1_0_, product0_.datePublished as datepubl2_0_, product0_.description as descript3_0_, product0_.name as name4_0_, product0_.price as price5_0_, product0_.user_id as user_id6_0_ from Product product0_
2021-11-09 12:06:22 DEBUG select user0_.id as id1_1_0_, user0_.name as name2_1_0_ from User user0_ where user0_.id=?
2021-11-09 12:06:22 DEBUG select product0_.id as id1_0_, product0_.datePublished as datepubl2_0_, product0_.description as descript3_0_, product0_.name as name4_0_, product0_.price as price5_0_, product0_.user_id as user_id6_0_ from Product product0_
2021-11-09 12:06:50 DEBUG select product0_.id as id1_0_, product0_.datePublished as datepubl2_0_, product0_.description as descript3_0_, product0_.name as name4_0_, product0_.price as price5_0_, product0_.user_id as user_id6_0_ from Product product0_
2021-11-09 12:06:50 DEBUG select user0_.id as id1_1_0_, user0_.name as name2_1_0_ from User user0_ where user0_.id=?
2021-11-09 12:06:50 DEBUG select product0_.id as id1_0_, product0_.datePublished as datepubl2_0_, product0_.description as descript3_0_, product0_.name as name4_0_, product0_.price as price5_0_, product0_.user_id as user_id6_0_ from Product product0_
2021-11-09 12:07:33 DEBUG select product0_.id as id1_0_, product0_.datePublished as datepubl2_0_, product0_.description as descript3_0_, product0_.name as name4_0_, product0_.price as price5_0_, product0_.user_id as user_id6_0_ from Product product0_
2021-11-09 12:07:33 DEBUG select user0_.id as id1_1_0_, user0_.name as name2_1_0_ from User user0_ where user0_.id=?
2021-11-09 12:07:33 DEBUG select product0_.id as id1_0_, product0_.datePublished as datepubl2_0_, product0_.description as descript3_0_, product0_.name as name4_0_, product0_.price as price5_0_, product0_.user_id as user_id6_0_ from Product product0_
2021-11-09 12:07:52 DEBUG select product0_.id as id1_0_0_, product0_.datePublished as datepubl2_0_0_, product0_.description as descript3_0_0_, product0_.name as name4_0_0_, product0_.price as price5_0_0_, product0_.user_id as user_id6_0_0_, user1_.id as id1_1_1_, user1_.name as name2_1_1_ from Product product0_ left outer join User user1_ on product0_.user_id=user1_.id where product0_.id=?
2021-11-09 12:07:52 DEBUG select product0_.id as id1_0_0_, product0_.datePublished as datepubl2_0_0_, product0_.description as descript3_0_0_, product0_.name as name4_0_0_, product0_.price as price5_0_0_, product0_.user_id as user_id6_0_0_, user1_.id as id1_1_1_, user1_.name as name2_1_1_ from Product product0_ left outer join User user1_ on product0_.user_id=user1_.id where product0_.id=?
2021-11-09 12:07:56 DEBUG update Product set datePublished=?, description=?, name=?, price=?, user_id=? where id=?
2021-11-09 12:07:58 DEBUG select product0_.id as id1_0_, product0_.datePublished as datepubl2_0_, product0_.description as descript3_0_, product0_.name as name4_0_, product0_.price as price5_0_, product0_.user_id as user_id6_0_ from Product product0_
2021-11-09 12:07:58 DEBUG select product0_.id as id1_0_, product0_.datePublished as datepubl2_0_, product0_.description as descript3_0_, product0_.name as name4_0_, product0_.price as price5_0_, product0_.user_id as user_id6_0_ from Product product0_
2021-11-09 12:08:53 DEBUG select product0_.id as id1_0_, product0_.datePublished as datepubl2_0_, product0_.description as descript3_0_, product0_.name as name4_0_, product0_.price as price5_0_, product0_.user_id as user_id6_0_ from Product product0_
2021-11-09 12:08:53 DEBUG select user0_.id as id1_1_0_, user0_.name as name2_1_0_ from User user0_ where user0_.id=?
2021-11-09 12:08:54 DEBUG select product0_.id as id1_0_, product0_.datePublished as datepubl2_0_, product0_.description as descript3_0_, product0_.name as name4_0_, product0_.price as price5_0_, product0_.user_id as user_id6_0_ from Product product0_
2021-11-09 12:09:10 DEBUG select product0_.id as id1_0_0_, product0_.datePublished as datepubl2_0_0_, product0_.description as descript3_0_0_, product0_.name as name4_0_0_, product0_.price as price5_0_0_, product0_.user_id as user_id6_0_0_, user1_.id as id1_1_1_, user1_.name as name2_1_1_ from Product product0_ left outer join User user1_ on product0_.user_id=user1_.id where product0_.id=?
2021-11-09 12:09:10 DEBUG select product0_.id as id1_0_0_, product0_.datePublished as datepubl2_0_0_, product0_.description as descript3_0_0_, product0_.name as name4_0_0_, product0_.price as price5_0_0_, product0_.user_id as user_id6_0_0_, user1_.id as id1_1_1_, user1_.name as name2_1_1_ from Product product0_ left outer join User user1_ on product0_.user_id=user1_.id where product0_.id=?
2021-11-09 12:09:14 DEBUG update Product set datePublished=?, description=?, name=?, price=?, user_id=? where id=?
2021-11-09 12:09:25 DEBUG select product0_.id as id1_0_, product0_.datePublished as datepubl2_0_, product0_.description as descript3_0_, product0_.name as name4_0_, product0_.price as price5_0_, product0_.user_id as user_id6_0_ from Product product0_
2021-11-09 12:09:25 DEBUG select product0_.id as id1_0_, product0_.datePublished as datepubl2_0_, product0_.description as descript3_0_, product0_.name as name4_0_, product0_.price as price5_0_, product0_.user_id as user_id6_0_ from Product product0_
2021-11-09 12:09:56 DEBUG select product0_.id as id1_0_, product0_.datePublished as datepubl2_0_, product0_.description as descript3_0_, product0_.name as name4_0_, product0_.price as price5_0_, product0_.user_id as user_id6_0_ from Product product0_
2021-11-09 12:09:56 DEBUG select user0_.id as id1_1_0_, user0_.name as name2_1_0_ from User user0_ where user0_.id=?
2021-11-09 12:09:56 DEBUG select product0_.id as id1_0_, product0_.datePublished as datepubl2_0_, product0_.description as descript3_0_, product0_.name as name4_0_, product0_.price as price5_0_, product0_.user_id as user_id6_0_ from Product product0_
2021-11-09 12:10:04 DEBUG select product0_.id as id1_0_0_, product0_.datePublished as datepubl2_0_0_, product0_.description as descript3_0_0_, product0_.name as name4_0_0_, product0_.price as price5_0_0_, product0_.user_id as user_id6_0_0_, user1_.id as id1_1_1_, user1_.name as name2_1_1_ from Product product0_ left outer join User user1_ on product0_.user_id=user1_.id where product0_.id=?
2021-11-09 12:10:04 DEBUG select product0_.id as id1_0_0_, product0_.datePublished as datepubl2_0_0_, product0_.description as descript3_0_0_, product0_.name as name4_0_0_, product0_.price as price5_0_0_, product0_.user_id as user_id6_0_0_, user1_.id as id1_1_1_, user1_.name as name2_1_1_ from Product product0_ left outer join User user1_ on product0_.user_id=user1_.id where product0_.id=?
2021-11-09 12:10:35 DEBUG select product0_.id as id1_0_, product0_.datePublished as datepubl2_0_, product0_.description as descript3_0_, product0_.name as name4_0_, product0_.price as price5_0_, product0_.user_id as user_id6_0_ from Product product0_
2021-11-09 12:10:35 DEBUG select user0_.id as id1_1_0_, user0_.name as name2_1_0_ from User user0_ where user0_.id=?
2021-11-09 12:10:35 DEBUG select product0_.id as id1_0_, product0_.datePublished as datepubl2_0_, product0_.description as descript3_0_, product0_.name as name4_0_, product0_.price as price5_0_, product0_.user_id as user_id6_0_ from Product product0_
2021-11-09 12:12:28 DEBUG select product0_.id as id1_0_, product0_.datePublished as datepubl2_0_, product0_.description as descript3_0_, product0_.name as name4_0_, product0_.price as price5_0_, product0_.user_id as user_id6_0_ from Product product0_
2021-11-09 12:12:28 DEBUG select user0_.id as id1_1_0_, user0_.name as name2_1_0_ from User user0_ where user0_.id=?
2021-11-09 12:12:28 DEBUG select product0_.id as id1_0_, product0_.datePublished as datepubl2_0_, product0_.description as descript3_0_, product0_.name as name4_0_, product0_.price as price5_0_, product0_.user_id as user_id6_0_ from Product product0_
2021-11-09 12:12:31 DEBUG select product0_.id as id1_0_0_, product0_.datePublished as datepubl2_0_0_, product0_.description as descript3_0_0_, product0_.name as name4_0_0_, product0_.price as price5_0_0_, product0_.user_id as user_id6_0_0_, user1_.id as id1_1_1_, user1_.name as name2_1_1_ from Product product0_ left outer join User user1_ on product0_.user_id=user1_.id where product0_.id=?
2021-11-09 12:12:31 DEBUG select product0_.id as id1_0_0_, product0_.datePublished as datepubl2_0_0_, product0_.description as descript3_0_0_, product0_.name as name4_0_0_, product0_.price as price5_0_0_, product0_.user_id as user_id6_0_0_, user1_.id as id1_1_1_, user1_.name as name2_1_1_ from Product product0_ left outer join User user1_ on product0_.user_id=user1_.id where product0_.id=?
2021-11-09 12:12:36 DEBUG update Product set datePublished=?, description=?, name=?, price=?, user_id=? where id=?
2021-11-09 12:12:43 DEBUG update Product set datePublished=?, description=?, name=?, price=?, user_id=? where id=?
2021-11-09 12:12:45 DEBUG select product0_.id as id1_0_, product0_.datePublished as datepubl2_0_, product0_.description as descript3_0_, product0_.name as name4_0_, product0_.price as price5_0_, product0_.user_id as user_id6_0_ from Product product0_
2021-11-09 12:12:45 DEBUG select product0_.id as id1_0_, product0_.datePublished as datepubl2_0_, product0_.description as descript3_0_, product0_.name as name4_0_, product0_.price as price5_0_, product0_.user_id as user_id6_0_ from Product product0_
2021-11-09 12:13:13 DEBUG select product0_.id as id1_0_, product0_.datePublished as datepubl2_0_, product0_.description as descript3_0_, product0_.name as name4_0_, product0_.price as price5_0_, product0_.user_id as user_id6_0_ from Product product0_
2021-11-09 12:13:13 DEBUG select user0_.id as id1_1_0_, user0_.name as name2_1_0_ from User user0_ where user0_.id=?
2021-11-09 12:13:13 DEBUG select product0_.id as id1_0_, product0_.datePublished as datepubl2_0_, product0_.description as descript3_0_, product0_.name as name4_0_, product0_.price as price5_0_, product0_.user_id as user_id6_0_ from Product product0_
2021-11-09 13:03:37 DEBUG select product0_.id as id1_0_, product0_.datePublished as datepubl2_0_, product0_.description as descript3_0_, product0_.name as name4_0_, product0_.price as price5_0_, product0_.user_id as user_id6_0_ from Product product0_
2021-11-09 13:03:37 DEBUG select user0_.id as id1_1_0_, user0_.name as name2_1_0_ from User user0_ where user0_.id=?
2021-11-09 13:03:37 DEBUG select product0_.id as id1_0_, product0_.datePublished as datepubl2_0_, product0_.description as descript3_0_, product0_.name as name4_0_, product0_.price as price5_0_, product0_.user_id as user_id6_0_ from Product product0_
2021-11-09 13:03:48 DEBUG select product0_.id as id1_0_0_, product0_.datePublished as datepubl2_0_0_, product0_.description as descript3_0_0_, product0_.name as name4_0_0_, product0_.price as price5_0_0_, product0_.user_id as user_id6_0_0_, user1_.id as id1_1_1_, user1_.name as name2_1_1_ from Product product0_ left outer join User user1_ on product0_.user_id=user1_.id where product0_.id=?
2021-11-09 13:03:48 DEBUG select product0_.id as id1_0_0_, product0_.datePublished as datepubl2_0_0_, product0_.description as descript3_0_0_, product0_.name as name4_0_0_, product0_.price as price5_0_0_, product0_.user_id as user_id6_0_0_, user1_.id as id1_1_1_, user1_.name as name2_1_1_ from Product product0_ left outer join User user1_ on product0_.user_id=user1_.id where product0_.id=?
2021-11-09 13:03:57 DEBUG update Product set datePublished=?, description=?, name=?, price=?, user_id=? where id=?
2021-11-09 13:04:00 DEBUG select product0_.id as id1_0_, product0_.datePublished as datepubl2_0_, product0_.description as descript3_0_, product0_.name as name4_0_, product0_.price as price5_0_, product0_.user_id as user_id6_0_ from Product product0_
2021-11-09 13:04:00 DEBUG select product0_.id as id1_0_, product0_.datePublished as datepubl2_0_, product0_.description as descript3_0_, product0_.name as name4_0_, product0_.price as price5_0_, product0_.user_id as user_id6_0_ from Product product0_
2021-11-09 13:04:33 DEBUG select product0_.id as id1_0_, product0_.datePublished as datepubl2_0_, product0_.description as descript3_0_, product0_.name as name4_0_, product0_.price as price5_0_, product0_.user_id as user_id6_0_ from Product product0_
2021-11-09 13:04:33 DEBUG select product0_.id as id1_0_, product0_.datePublished as datepubl2_0_, product0_.description as descript3_0_, product0_.name as name4_0_, product0_.price as price5_0_, product0_.user_id as user_id6_0_ from Product product0_
2021-11-09 13:08:35 DEBUG select product0_.id as id1_0_, product0_.datePublished as datepubl2_0_, product0_.description as descript3_0_, product0_.name as name4_0_, product0_.price as price5_0_, product0_.user_id as user_id6_0_ from Product product0_
2021-11-09 13:08:35 DEBUG select user0_.id as id1_1_0_, user0_.name as name2_1_0_ from User user0_ where user0_.id=?
2021-11-09 13:08:36 DEBUG select product0_.id as id1_0_, product0_.datePublished as datepubl2_0_, product0_.description as descript3_0_, product0_.name as name4_0_, product0_.price as price5_0_, product0_.user_id as user_id6_0_ from Product product0_
2021-11-09 13:08:48 DEBUG select product0_.id as id1_0_0_, product0_.datePublished as datepubl2_0_0_, product0_.description as descript3_0_0_, product0_.name as name4_0_0_, product0_.price as price5_0_0_, product0_.user_id as user_id6_0_0_, user1_.id as id1_1_1_, user1_.name as name2_1_1_ from Product product0_ left outer join User user1_ on product0_.user_id=user1_.id where product0_.id=?
2021-11-09 13:08:55 DEBUG select product0_.id as id1_0_, product0_.datePublished as datepubl2_0_, product0_.description as descript3_0_, product0_.name as name4_0_, product0_.price as price5_0_, product0_.user_id as user_id6_0_ from Product product0_
2021-11-09 13:08:55 DEBUG select product0_.id as id1_0_, product0_.datePublished as datepubl2_0_, product0_.description as descript3_0_, product0_.name as name4_0_, product0_.price as price5_0_, product0_.user_id as user_id6_0_ from Product product0_
2021-11-09 13:10:47 DEBUG select product0_.id as id1_0_, product0_.datePublished as datepubl2_0_, product0_.description as descript3_0_, product0_.name as name4_0_, product0_.price as price5_0_, product0_.user_id as user_id6_0_ from Product product0_
2021-11-09 13:10:47 DEBUG select user0_.id as id1_1_0_, user0_.name as name2_1_0_ from User user0_ where user0_.id=?
2021-11-09 13:10:47 DEBUG select product0_.id as id1_0_, product0_.datePublished as datepubl2_0_, product0_.description as descript3_0_, product0_.name as name4_0_, product0_.price as price5_0_, product0_.user_id as user_id6_0_ from Product product0_
2021-11-09 13:10:56 DEBUG select product0_.id as id1_0_, product0_.datePublished as datepubl2_0_, product0_.description as descript3_0_, product0_.name as name4_0_, product0_.price as price5_0_, product0_.user_id as user_id6_0_ from Product product0_
2021-11-09 13:10:56 DEBUG select product0_.id as id1_0_, product0_.datePublished as datepubl2_0_, product0_.description as descript3_0_, product0_.name as name4_0_, product0_.price as price5_0_, product0_.user_id as user_id6_0_ from Product product0_
2021-11-09 13:11:21 DEBUG select product0_.id as id1_0_, product0_.datePublished as datepubl2_0_, product0_.description as descript3_0_, product0_.name as name4_0_, product0_.price as price5_0_, product0_.user_id as user_id6_0_ from Product product0_
2021-11-09 13:11:21 DEBUG select product0_.id as id1_0_, product0_.datePublished as datepubl2_0_, product0_.description as descript3_0_, product0_.name as name4_0_, product0_.price as price5_0_, product0_.user_id as user_id6_0_ from Product product0_
2021-11-09 13:12:00 DEBUG select product0_.id as id1_0_, product0_.datePublished as datepubl2_0_, product0_.description as descript3_0_, product0_.name as name4_0_, product0_.price as price5_0_, product0_.user_id as user_id6_0_ from Product product0_
2021-11-09 13:12:00 DEBUG select user0_.id as id1_1_0_, user0_.name as name2_1_0_ from User user0_ where user0_.id=?
2021-11-09 13:12:00 DEBUG select product0_.id as id1_0_, product0_.datePublished as datepubl2_0_, product0_.description as descript3_0_, product0_.name as name4_0_, product0_.price as price5_0_, product0_.user_id as user_id6_0_ from Product product0_
2021-11-09 13:13:19 DEBUG select product0_.id as id1_0_, product0_.datePublished as datepubl2_0_, product0_.description as descript3_0_, product0_.name as name4_0_, product0_.price as price5_0_, product0_.user_id as user_id6_0_ from Product product0_
2021-11-09 13:13:19 DEBUG select user0_.id as id1_1_0_, user0_.name as name2_1_0_ from User user0_ where user0_.id=?
2021-11-09 13:13:19 DEBUG select product0_.id as id1_0_, product0_.datePublished as datepubl2_0_, product0_.description as descript3_0_, product0_.name as name4_0_, product0_.price as price5_0_, product0_.user_id as user_id6_0_ from Product product0_
2021-11-09 13:13:31 DEBUG select product0_.id as id1_0_0_, product0_.datePublished as datepubl2_0_0_, product0_.description as descript3_0_0_, product0_.name as name4_0_0_, product0_.price as price5_0_0_, product0_.user_id as user_id6_0_0_ from Product product0_ where product0_.id=?
2021-11-09 13:13:31 DEBUG select user0_.id as id1_1_0_, user0_.name as name2_1_0_ from User user0_ where user0_.id=?
2021-11-09 13:13:31 DEBUG update Product set datePublished=?, description=?, name=?, price=?, user_id=? where id=?
2021-11-09 13:13:33 DEBUG select product0_.id as id1_0_, product0_.datePublished as datepubl2_0_, product0_.description as descript3_0_, product0_.name as name4_0_, product0_.price as price5_0_, product0_.user_id as user_id6_0_ from Product product0_
2021-11-09 13:13:33 DEBUG select product0_.id as id1_0_, product0_.datePublished as datepubl2_0_, product0_.description as descript3_0_, product0_.name as name4_0_, product0_.price as price5_0_, product0_.user_id as user_id6_0_ from Product product0_
